Release 14.7 - xst P.20160913 (lin64)
Copyright (c) 1995-2013 Xilinx, Inc.  All rights reserved.
--> 
Parameter TMPDIR set to xst/projnav.tmp


Total REAL time to Xst completion: 0.00 secs
Total CPU time to Xst completion: 0.04 secs
 
--> 
Parameter xsthdpdir set to xst


Total REAL time to Xst completion: 0.00 secs
Total CPU time to Xst completion: 0.04 secs
 
--> 
Reading design: toplevel.prj

TABLE OF CONTENTS
  1) Synthesis Options Summary
  2) HDL Parsing
  3) HDL Elaboration
  4) HDL Synthesis
       4.1) HDL Synthesis Report
  5) Advanced HDL Synthesis
       5.1) Advanced HDL Synthesis Report
  6) Low Level Synthesis
  7) Partition Report
  8) Design Summary
       8.1) Primitive and Black Box Usage
       8.2) Device utilization summary
       8.3) Partition Resource Summary
       8.4) Timing Report
            8.4.1) Clock Information
            8.4.2) Asynchronous Control Signals Information
            8.4.3) Timing Summary
            8.4.4) Timing Details
            8.4.5) Cross Clock Domains Report


=========================================================================
*                      Synthesis Options Summary                        *
=========================================================================
---- Source Parameters
Input File Name                    : "toplevel.prj"
Ignore Synthesis Constraint File   : NO

---- Target Parameters
Output File Name                   : "toplevel"
Output Format                      : NGC
Target Device                      : xc6slx150-2-fgg484

---- Source Options
Top Module Name                    : toplevel
Automatic FSM Extraction           : YES
FSM Encoding Algorithm             : Auto
Safe Implementation                : No
FSM Style                          : LUT
RAM Extraction                     : Yes
RAM Style                          : Auto
ROM Extraction                     : Yes
Shift Register Extraction          : YES
ROM Style                          : Auto
Resource Sharing                   : YES
Asynchronous To Synchronous        : NO
Shift Register Minimum Size        : 2
Use DSP Block                      : Auto
Automatic Register Balancing       : No

---- Target Options
LUT Combining                      : Auto
Reduce Control Sets                : Auto
Add IO Buffers                     : YES
Global Maximum Fanout              : 100000
Add Generic Clock Buffer(BUFG)     : 16
Register Duplication               : YES
Optimize Instantiated Primitives   : NO
Use Clock Enable                   : Auto
Use Synchronous Set                : Auto
Use Synchronous Reset              : Auto
Pack IO Registers into IOBs        : Auto
Equivalent register Removal        : YES

---- General Options
Optimization Goal                  : Speed
Optimization Effort                : 1
Power Reduction                    : NO
Keep Hierarchy                     : No
Netlist Hierarchy                  : As_Optimized
RTL Output                         : Yes
Global Optimization                : AllClockNets
Read Cores                         : YES
Write Timing Constraints           : NO
Cross Clock Analysis               : NO
Hierarchy Separator                : /
Bus Delimiter                      : <>
Case Specifier                     : Maintain
Slice Utilization Ratio            : 100
BRAM Utilization Ratio             : 100
DSP48 Utilization Ratio            : 100
Auto BRAM Packing                  : NO
Slice Utilization Ratio Delta      : 5

---- Other Options
Cores Search Directories           : {"ipcore_dir"  }

=========================================================================


=========================================================================
*                          HDL Parsing                                  *
=========================================================================
Parsing VHDL file "/home/ise/testpano/ipcore_dir/pll2.vhd" into library work
Parsing entity <pll2>.
Parsing architecture <xilinx> of entity <pll2>.
Parsing VHDL file "/home/ise/testpano/utils_pack.vhd" into library work
Parsing package <utils_pack>.
Parsing package body <utils_pack>.
Parsing VHDL file "/home/ise/testpano/simple_counter.vhd" into library work
Parsing entity <simple_counter>.
Parsing architecture <Behavioral> of entity <simple_counter>.
Parsing VHDL file "/home/ise/testpano/toplevel.vhdl" into library work
Parsing entity <toplevel>.
Parsing architecture <Behavioral> of entity <toplevel>.

=========================================================================
*                            HDL Elaboration                            *
=========================================================================

Elaborating entity <toplevel> (architecture <Behavioral>) from library <work>.

Elaborating entity <pll2> (architecture <xilinx>) from library <work>.

Elaborating entity <simple_counter> (architecture <Behavioral>) with generics from library <work>.

=========================================================================
*                           HDL Synthesis                               *
=========================================================================

Synthesizing Unit <toplevel>.
    Related source file is "/home/ise/testpano/toplevel.vhdl".
WARNING:Xst:647 - Input <pano_button> is never used. This port will be preserved and left unconnected if it belongs to a top-level block or it belongs to a sub-block and the hierarchy of this sub-block is preserved.
INFO:Xst:3210 - "/home/ise/testpano/toplevel.vhdl" line 71: Output port <CLK_OUT2> of the instance <clockpll> is unconnected or connected to loadless signal.
INFO:Xst:3210 - "/home/ise/testpano/toplevel.vhdl" line 71: Output port <LOCKED> of the instance <clockpll> is unconnected or connected to loadless signal.
    Found 1-bit register for signal <led_green>.
    Found 1-bit register for signal <RESET_OUT_N>.
    Summary:
	inferred   2 D-type flip-flop(s).
Unit <toplevel> synthesized.

Synthesizing Unit <pll2>.
    Related source file is "/home/ise/testpano/ipcore_dir/pll2.vhd".
    Summary:
	no macro.
Unit <pll2> synthesized.

Synthesizing Unit <simple_counter>.
    Related source file is "/home/ise/testpano/simple_counter.vhd".
        NBIT = 26
    Found 26-bit register for signal <Qp>.
    Found 26-bit adder for signal <Qp[25]_GND_12_o_mux_3_OUT> created at line 64.
    Summary:
	inferred   1 Adder/Subtractor(s).
	inferred  26 D-type flip-flop(s).
Unit <simple_counter> synthesized.

=========================================================================
HDL Synthesis Report

Macro Statistics
# Adders/Subtractors                                   : 1
 26-bit adder                                          : 1
# Registers                                            : 3
 1-bit register                                        : 2
 26-bit register                                       : 1

=========================================================================

=========================================================================
*                       Advanced HDL Synthesis                          *
=========================================================================


Synthesizing (advanced) Unit <simple_counter>.
The following registers are absorbed into counter <Qp>: 1 register on signal <Qp>.
Unit <simple_counter> synthesized (advanced).

=========================================================================
Advanced HDL Synthesis Report

Macro Statistics
# Counters                                             : 1
 26-bit up counter                                     : 1
# Registers                                            : 2
 Flip-Flops                                            : 2

=========================================================================

=========================================================================
*                         Low Level Synthesis                           *
=========================================================================
INFO:Xst:1901 - Instance clockpll/pll_base_inst in unit clockpll/pll_base_inst of type PLL_BASE has been replaced by PLL_ADV

Optimizing unit <toplevel> ...

Mapping all equations...
Building and optimizing final netlist ...
Found area constraint ratio of 100 (+ 5) on block toplevel, actual ratio is 0.

Final Macro Processing ...

=========================================================================
Final Register Report

Macro Statistics
# Registers                                            : 28
 Flip-Flops                                            : 28

=========================================================================

=========================================================================
*                           Partition Report                            *
=========================================================================

Partition Implementation Status
-------------------------------

  No Partitions were found in this design.

-------------------------------

=========================================================================
*                            Design Summary                             *
=========================================================================

Top Level Output File Name         : toplevel.ngc

Primitive and Black Box Usage:
------------------------------
# BELS                             : 80
#      GND                         : 1
#      INV                         : 2
#      LUT1                        : 25
#      MUXCY                       : 25
#      VCC                         : 1
#      XORCY                       : 26
# FlipFlops/Latches                : 28
#      FD                          : 26
#      FDC                         : 1
#      FDP                         : 1
# Clock Buffers                    : 3
#      BUFG                        : 3
# IO Buffers                       : 6
#      IBUF                        : 1
#      IBUFG                       : 1
#      OBUF                        : 4
# Others                           : 1
#      PLL_ADV                     : 1

Device utilization summary:
---------------------------

Selected Device : 6slx150fgg484-2 


Slice Logic Utilization: 
 Number of Slice Registers:              26  out of  184304     0%  
 Number of Slice LUTs:                   27  out of  92152     0%  
    Number used as Logic:                27  out of  92152     0%  

Slice Logic Distribution: 
 Number of LUT Flip Flop pairs used:     27
   Number with an unused Flip Flop:       1  out of     27     3%  
   Number with an unused LUT:             0  out of     27     0%  
   Number of fully used LUT-FF pairs:    26  out of     27    96%  
   Number of unique control sets:         2

IO Utilization: 
 Number of IOs:                           7
 Number of bonded IOBs:                   6  out of    338     1%  
    IOB Flip Flops/Latches:               2

Specific Feature Utilization:
 Number of BUFG/BUFGCTRLs:                3  out of     16    18%  
 Number of PLL_ADVs:                      1  out of      6    16%  

---------------------------
Partition Resource Summary:
---------------------------

  No Partitions were found in this design.

---------------------------


=========================================================================
Timing Report

NOTE: THESE TIMING NUMBERS ARE ONLY A SYNTHESIS ESTIMATE.
      FOR ACCURATE TIMING INFORMATION PLEASE REFER TO THE TRACE REPORT
      GENERATED AFTER PLACE-and-ROUTE.

Clock Information:
------------------
-----------------------------------+------------------------+-------+
Clock Signal                       | Clock buffer(FF name)  | Load  |
-----------------------------------+------------------------+-------+
clockpll/pll_base_inst/CLKOUT0     | BUFG                   | 28    |
-----------------------------------+------------------------+-------+

Asynchronous Control Signals Information:
----------------------------------------
No asynchronous control signals found in this design

Timing Summary:
---------------
Speed Grade: -2

   Minimum period: 2.514ns (Maximum Frequency: 397.772MHz)
   Minimum input arrival time before clock: 3.448ns
   Maximum output required time after clock: 4.162ns
   Maximum combinational path delay: No path found

Timing Details:
---------------
All values displayed in nanoseconds (ns)

=========================================================================
Timing constraint: Default period analysis for Clock 'clockpll/pll_base_inst/CLKOUT0'
  Clock period: 2.514ns (frequency: 397.772MHz)
  Total number of paths / destination ports: 351 / 26
-------------------------------------------------------------------------
Delay:               2.514ns (Levels of Logic = 27)
  Source:            divider/Qp_0 (FF)
  Destination:       divider/Qp_25 (FF)
  Source Clock:      clockpll/pll_base_inst/CLKOUT0 rising
  Destination Clock: clockpll/pll_base_inst/CLKOUT0 rising

  Data Path: divider/Qp_0 to divider/Qp_25
                                Gate     Net
    Cell:in->out      fanout   Delay   Delay  Logical Name (Net Name)
    ----------------------------------------  ------------
     FD:C->Q               1   0.525   0.681  divider/Qp_0 (divider/Qp_0)
     INV:I->O              1   0.255   0.000  divider/Mcount_Qp_lut<0>_INV_0 (divider/Mcount_Qp_lut<0>)
     MUXCY:S->O            1   0.215   0.000  divider/Mcount_Qp_cy<0> (divider/Mcount_Qp_cy<0>)
     MUXCY:CI->O           1   0.023   0.000  divider/Mcount_Qp_cy<1> (divider/Mcount_Qp_cy<1>)
     MUXCY:CI->O           1   0.023   0.000  divider/Mcount_Qp_cy<2> (divider/Mcount_Qp_cy<2>)
     MUXCY:CI->O           1   0.023   0.000  divider/Mcount_Qp_cy<3> (divider/Mcount_Qp_cy<3>)
     MUXCY:CI->O           1   0.023   0.000  divider/Mcount_Qp_cy<4> (divider/Mcount_Qp_cy<4>)
     MUXCY:CI->O           1   0.023   0.000  divider/Mcount_Qp_cy<5> (divider/Mcount_Qp_cy<5>)
     MUXCY:CI->O           1   0.023   0.000  divider/Mcount_Qp_cy<6> (divider/Mcount_Qp_cy<6>)
     MUXCY:CI->O           1   0.023   0.000  divider/Mcount_Qp_cy<7> (divider/Mcount_Qp_cy<7>)
     MUXCY:CI->O           1   0.023   0.000  divider/Mcount_Qp_cy<8> (divider/Mcount_Qp_cy<8>)
     MUXCY:CI->O           1   0.023   0.000  divider/Mcount_Qp_cy<9> (divider/Mcount_Qp_cy<9>)
     MUXCY:CI->O           1   0.023   0.000  divider/Mcount_Qp_cy<10> (divider/Mcount_Qp_cy<10>)
     MUXCY:CI->O           1   0.023   0.000  divider/Mcount_Qp_cy<11> (divider/Mcount_Qp_cy<11>)
     MUXCY:CI->O           1   0.023   0.000  divider/Mcount_Qp_cy<12> (divider/Mcount_Qp_cy<12>)
     MUXCY:CI->O           1   0.023   0.000  divider/Mcount_Qp_cy<13> (divider/Mcount_Qp_cy<13>)
     MUXCY:CI->O           1   0.023   0.000  divider/Mcount_Qp_cy<14> (divider/Mcount_Qp_cy<14>)
     MUXCY:CI->O           1   0.023   0.000  divider/Mcount_Qp_cy<15> (divider/Mcount_Qp_cy<15>)
     MUXCY:CI->O           1   0.023   0.000  divider/Mcount_Qp_cy<16> (divider/Mcount_Qp_cy<16>)
     MUXCY:CI->O           1   0.023   0.000  divider/Mcount_Qp_cy<17> (divider/Mcount_Qp_cy<17>)
     MUXCY:CI->O           1   0.023   0.000  divider/Mcount_Qp_cy<18> (divider/Mcount_Qp_cy<18>)
     MUXCY:CI->O           1   0.023   0.000  divider/Mcount_Qp_cy<19> (divider/Mcount_Qp_cy<19>)
     MUXCY:CI->O           1   0.023   0.000  divider/Mcount_Qp_cy<20> (divider/Mcount_Qp_cy<20>)
     MUXCY:CI->O           1   0.023   0.000  divider/Mcount_Qp_cy<21> (divider/Mcount_Qp_cy<21>)
     MUXCY:CI->O           1   0.023   0.000  divider/Mcount_Qp_cy<22> (divider/Mcount_Qp_cy<22>)
     MUXCY:CI->O           1   0.023   0.000  divider/Mcount_Qp_cy<23> (divider/Mcount_Qp_cy<23>)
     MUXCY:CI->O           0   0.023   0.000  divider/Mcount_Qp_cy<24> (divider/Mcount_Qp_cy<24>)
     XORCY:CI->O           1   0.206   0.000  divider/Mcount_Qp_xor<25> (Result<25>)
     FD:D                      0.074          divider/Qp_25
    ----------------------------------------
    Total                      2.514ns (1.833ns logic, 0.681ns route)
                                       (72.9% logic, 27.1% route)

=========================================================================
Timing constraint: Default OFFSET IN BEFORE for Clock 'clockpll/pll_base_inst/CLKOUT0'
  Total number of paths / destination ports: 2 / 2
-------------------------------------------------------------------------
Offset:              3.448ns (Levels of Logic = 2)
  Source:            SYSRST_N (PAD)
  Destination:       SYSRST (FF)
  Destination Clock: clockpll/pll_base_inst/CLKOUT0 rising

  Data Path: SYSRST_N to SYSRST
                                Gate     Net
    Cell:in->out      fanout   Delay   Delay  Logical Name (Net Name)
    ----------------------------------------  ------------
     IBUF:I->O             1   1.328   0.681  SYSRST_N_IBUF (SYSRST_N_IBUF)
     INV:I->O              2   0.255   0.725  SYSRST_N_inv1_INV_0 (SYSRST_N_inv)
     FDP:PRE                   0.459          SYSRST
    ----------------------------------------
    Total                      3.448ns (2.042ns logic, 1.406ns route)
                                       (59.2% logic, 40.8% route)

=========================================================================
Timing constraint: Default OFFSET OUT AFTER for Clock 'clockpll/pll_base_inst/CLKOUT0'
  Total number of paths / destination ports: 4 / 4
-------------------------------------------------------------------------
Offset:              4.162ns (Levels of Logic = 1)
  Source:            divider/Qp_25 (FF)
  Destination:       led_red (PAD)
  Source Clock:      clockpll/pll_base_inst/CLKOUT0 rising

  Data Path: divider/Qp_25 to led_red
                                Gate     Net
    Cell:in->out      fanout   Delay   Delay  Logical Name (Net Name)
    ----------------------------------------  ------------
     FD:C->Q               2   0.525   0.725  divider/Qp_25 (divider/Qp_25)
     OBUF:I->O                 2.912          led_red_OBUF (led_red)
    ----------------------------------------
    Total                      4.162ns (3.437ns logic, 0.725ns route)
                                       (82.6% logic, 17.4% route)

=========================================================================

Cross Clock Domains Report:
--------------------------

Clock to Setup on destination clock clockpll/pll_base_inst/CLKOUT0
------------------------------+---------+---------+---------+---------+
                              | Src:Rise| Src:Fall| Src:Rise| Src:Fall|
Source Clock                  |Dest:Rise|Dest:Rise|Dest:Fall|Dest:Fall|
------------------------------+---------+---------+---------+---------+
clockpll/pll_base_inst/CLKOUT0|    2.514|         |         |         |
------------------------------+---------+---------+---------+---------+

=========================================================================


Total REAL time to Xst completion: 8.00 secs
Total CPU time to Xst completion: 6.89 secs
 
--> 


Total memory usage is 499504 kilobytes

Number of errors   :    0 (   0 filtered)
Number of warnings :    1 (   0 filtered)
Number of infos    :    3 (   0 filtered)

