INFO:sim:172 - Generating IP...
Applying current project options...
Finished applying current project options.
WARNING:sim - A core named 'pll2' already exists in the project. Output products
   for this core may be overwritten.
Resolving generics for 'pll2'...
WARNING:sim - A core named 'pll2' already exists in the project. Output products
   for this core may be overwritten.
Applying external generics to 'pll2'...
Delivering associated files for 'pll2'...
WARNING:sim - Component clk_wiz_v3_6 does not have a valid model name for VHDL
   synthesis
Delivering EJava files for 'pll2'...
Delivered 3 files into directory
/home/ise/daveland/github/Panotest/ipcore_dir/tmp/_cg/pll2
Delivered 1 file into directory
/home/ise/daveland/github/Panotest/ipcore_dir/tmp/_cg/pll2
Generating ASY schematic symbol...
Loading device for application Rf_Device from file '6slx150.nph' in environment
/opt/Xilinx/14.7/ISE_DS/ISE/.
INFO:sim:949 - Finished generation of ASY schematic symbol.
Generating SYM schematic symbol for 'pll2'...
Generating ISE project...
XCO file found: pll2.xco
XMDF file found: pll2_xmdf.tcl
Adding /home/ise/daveland/github/Panotest/ipcore_dir/tmp/_cg/pll2.asy -view all
-origin_type imported
Adding /home/ise/daveland/github/Panotest/ipcore_dir/tmp/_cg/pll2.ucf -view all
-origin_type created
Adding /home/ise/daveland/github/Panotest/ipcore_dir/tmp/_cg/pll2.vhd -view all
-origin_type created
INFO:HDLCompiler:1061 - Parsing VHDL file
   "/home/ise/daveland/github/Panotest/ipcore_dir/tmp/_cg/pll2.vhd" into library
   work
INFO:ProjectMgmt - Parsing design hierarchy completed successfully.
Adding /home/ise/daveland/github/Panotest/ipcore_dir/tmp/_cg/pll2.vho -view all
-origin_type imported
INFO:TclTasksC:2116 - The automatic calculation of top has been turned-off.
   Please set the new top explicitly by running the "project set top" command.
   To re-calculate the new top automatically, set the "Auto Implementation Top"
   property to true.
Top level has been set to "/pll2"
Generating README file...
Generating FLIST file...
INFO:sim:948 - Finished FLIST file generation.
Launching README viewer...
Moving files to output directory...
Finished moving files to output directory
Wrote CGP file for project 'pll2'.
