Release 14.7 - platgen Xilinx EDK 14.7 Build EDK_P.20131013
 (lin64)
Copyright (c) 1995-2013 Xilinx, Inc.  All rights reserved.

Command Line: platgen -p xc6slx150fgg484-2 -lang vhdl -intstyle ise -stubgen
/home/ise/daveland/github/Panotest/cpu1/cpu1.mhs 

WARNING:EDK - INFO:Security:71 - If a license for part 'xc6slx150' is available,
   it will be possible to use 'XPS_TDP' instead of 'XPS'.
   WARNING:Security:42 - Your software subscription period has lapsed. Your
   current version of Xilinx tools will continue to function, but you no longer
   qualify for Xilinx software updates or new releases.


Parse /home/ise/daveland/github/Panotest/cpu1/cpu1.mhs ...

Create merged mhs ...

Overriding IP level properties ...
INFO:EDK:4130 - IPNAME: axi_intc, INSTANCE:microblaze_0_intc - tcl is overriding
   PARAMETER C_NUM_INTR_INPUTS value to 5 -
   /opt/Xilinx/14.7/ISE_DS/EDK/hw/XilinxProcessorIPLib/pcores/axi_intc_v1_04_a/d
   ata/axi_intc_v2_1_0.mpd line 85 
INFO:EDK:4130 - IPNAME: microblaze, INSTANCE:microblaze_0 - tcl is overriding
   PARAMETER C_ENDIANNESS value to 1 -
   /opt/Xilinx/14.7/ISE_DS/EDK/hw/XilinxProcessorIPLib/pcores/microblaze_v8_50_c
   /data/microblaze_v2_1_0.mpd line 198 
INFO:EDK:4130 - IPNAME: microblaze, INSTANCE:microblaze_0 - tcl is overriding
   PARAMETER C_ICACHE_USE_FSL value to 0 -
   /opt/Xilinx/14.7/ISE_DS/EDK/hw/XilinxProcessorIPLib/pcores/microblaze_v8_50_c
   /data/microblaze_v2_1_0.mpd line 339 
INFO:EDK:4130 - IPNAME: microblaze, INSTANCE:microblaze_0 - tcl is overriding
   PARAMETER C_DCACHE_USE_FSL value to 0 -
   /opt/Xilinx/14.7/ISE_DS/EDK/hw/XilinxProcessorIPLib/pcores/microblaze_v8_50_c
   /data/microblaze_v2_1_0.mpd line 369 
INFO:EDK:4130 - IPNAME: axi_interconnect, INSTANCE:axi4lite_0 - tcl is
   overriding PARAMETER C_BASEFAMILY value to spartan6 -
   /opt/Xilinx/14.7/ISE_DS/EDK/hw/XilinxProcessorIPLib/pcores/axi_interconnect_v
   1_06_a/data/axi_interconnect_v2_1_0.mpd line 81 
INFO:EDK:4130 - IPNAME: axi_interconnect, INSTANCE:axi4_0 - tcl is overriding
   PARAMETER C_BASEFAMILY value to spartan6 -
   /opt/Xilinx/14.7/ISE_DS/EDK/hw/XilinxProcessorIPLib/pcores/axi_interconnect_v
   1_06_a/data/axi_interconnect_v2_1_0.mpd line 81 

Computing clock values...
INFO:EDK:740 - Cannot determine the input clock associated with port :
   microblaze_0_i_bram_ctrl:BRAM_Clk_A. Clock DRCs will not be performed on this
   core and cores connected to it. 
INFO:EDK:740 - Cannot determine the input clock associated with port :
   microblaze_0_d_bram_ctrl:BRAM_Clk_A. Clock DRCs will not be performed on this
   core and cores connected to it. 

Performing IP level DRCs on properties...

Running DRC Tcl procedures for OPTION IPLEVEL_DRC_PROC...
Address Map for Processor microblaze_0
  (0000000000-0x00007fff) microblaze_0_d_bram_ctrl	microblaze_0_dlmb
  (0000000000-0x00007fff) microblaze_0_i_bram_ctrl	microblaze_0_ilmb
  (0x40000000-0x4000ffff) Generic_GPIO	axi4lite_0
  (0x40600000-0x4060ffff) RS232	axi4lite_0
  (0x40e00000-0x40e0ffff) Generic_Ethernet_10_100	axi4lite_0
  (0x41200000-0x4120ffff) microblaze_0_intc	axi4lite_0
  (0x41400000-0x4140ffff) debug_module	axi4lite_0
  (0x41a00000-0x41a0ffff) axi_timebase_wdt_0	axi4lite_0
  (0x41c00000-0x41c0ffff) axi_timer_0	axi4lite_0
  (0xa0e08000-0xa0e0ffff) axi_bram_ctrl_0	axi4_0
INFO:EDK:4087 - IPNAME: axi_ethernetlite, INSTANCE: Generic_Ethernet_10_100 -
   This design requires design constraints to guarantee performance.
   Please refer to the data sheet for details.  
   The AXI clock frequency must be greater than or equal to 50 MHz for 100 Mbs
   Ethernet operation and greater than or equal to 5.0 MHz for 10 Mbs Ethernet
   operation. - /home/ise/daveland/github/Panotest/cpu1/cpu1.mhs line 246
INFO:EDK:4130 - IPNAME: lmb_v10, INSTANCE:microblaze_0_ilmb - tool is overriding
   PARAMETER C_LMB_NUM_SLAVES value to 1 -
   /opt/Xilinx/14.7/ISE_DS/EDK/hw/XilinxProcessorIPLib/pcores/lmb_v10_v2_00_b/da
   ta/lmb_v10_v2_1_0.mpd line 82 
INFO:EDK:4130 - IPNAME: lmb_v10, INSTANCE:microblaze_0_dlmb - tool is overriding
   PARAMETER C_LMB_NUM_SLAVES value to 1 -
   /opt/Xilinx/14.7/ISE_DS/EDK/hw/XilinxProcessorIPLib/pcores/lmb_v10_v2_00_b/da
   ta/lmb_v10_v2_1_0.mpd line 82 
INFO:EDK:4130 - IPNAME: bram_block, INSTANCE:microblaze_0_bram_block - tool is
   overriding PARAMETER C_MEMSIZE value to 0x8000 -
   /opt/Xilinx/14.7/ISE_DS/EDK/hw/XilinxProcessorIPLib/pcores/bram_block_v1_00_a
   /data/bram_block_v2_1_0.mpd line 78 
INFO:EDK:4130 - IPNAME: bram_block, INSTANCE:axi_bram_ctrl_0_bram_block - tool
   is overriding PARAMETER C_MEMSIZE value to 0x8000 -
   /opt/Xilinx/14.7/ISE_DS/EDK/hw/XilinxProcessorIPLib/pcores/bram_block_v1_00_a
   /data/bram_block_v2_1_0.mpd line 78 

Checking platform address map ...

Modify defaults ...

Creating stub ...

Elaborating instances ...
IPNAME:bram_block INSTANCE:microblaze_0_bram_block -
/home/ise/daveland/github/Panotest/cpu1/cpu1.mhs line 91 - elaborating IP
IPNAME:bram_block INSTANCE:axi_bram_ctrl_0_bram_block -
/home/ise/daveland/github/Panotest/cpu1/cpu1.mhs line 177 - elaborating IP

Inserting wrapper level ...

Writing (stub) BMM ...

Writing top-level HDL ...

Total run time: 4.00 seconds
